<?xml version="1.0" encoding="utf-8"?><testsuites name="pytest tests"><testsuite name="pytest" errors="0" failures="0" skipped="0" tests="12" time="7.165" timestamp="2026-07-07T18:32:26.654045+00:00" hostname="agent-env-d96b3f85-0794-40d1-9d86-57accfb24094"><testcase classname="tests.test_ai_and_regression" name="test_auth_me_admin_pro" time="0.353" /><testcase classname="tests.test_ai_and_regression" name="test_plans_public_with_limits" time="0.124" /><testcase classname="tests.test_ai_and_regression" name="test_tiktok_verify_real[mrbeast-1000000]" time="0.791" /><testcase classname="tests.test_ai_and_regression" name="test_tiktok_verify_real[charlidamelio-1000000]" time="0.542" /><testcase classname="tests.test_ai_and_regression" name="test_tiktok_verify_real[khaby.lame-1000000]" time="0.705" /><testcase classname="tests.test_ai_and_regression" name="test_tiktok_verify_fake" time="0.218" /><testcase classname="tests.test_ai_and_regression" name="test_ai_chat_usage_admin" time="0.145" /><testcase classname="tests.test_ai_and_regression" name="test_ai_chat_usage_no_auth" time="0.111" /><testcase classname="tests.test_ai_and_regression" name="test_ai_chat_stream" time="3.026" /><testcase classname="tests.test_ai_and_regression" name="test_ai_video_usage" time="0.179" /><testcase classname="tests.test_ai_and_regression" name="test_ai_video_generate_pending" time="0.467" /><testcase classname="tests.test_ai_and_regression" name="test_ai_video_generate_invalid_duration" time="0.143" /></testsuite></testsuites>