<?xml version="1.0" encoding="utf-8"?><testsuites name="pytest tests"><testsuite name="pytest" errors="0" failures="0" skipped="0" tests="8" time="6.797" timestamp="2026-07-07T19:31:08.779705+00:00" hostname="agent-env-d96b3f85-0794-40d1-9d86-57accfb24094"><testcase classname="tests.test_iter5_regression" name="test_ui_config_seven_sections" time="0.172" /><testcase classname="tests.test_iter5_regression" name="test_ui_config_conexao_href" time="0.111" /><testcase classname="tests.test_iter5_regression" name="test_ui_config_streamer_tools_new_items" time="0.101" /><testcase classname="tests.test_iter5_regression" name="test_plans_three_with_autolivemonitoring" time="0.092" /><testcase classname="tests.test_iter5_regression" name="test_tiktok_verify_mrbeast" time="1.083" /><testcase classname="tests.test_iter5_regression" name="test_profile_public_mrbeast_no_upstream" time="0.100" /><testcase classname="tests.test_iter5_regression" name="test_ai_chat_stream" time="4.514" /><testcase classname="tests.test_iter5_regression" name="test_auth_me_has_plan" time="0.276" /></testsuite></testsuites>