<?xml version="1.0" encoding="utf-8"?><testsuites name="pytest tests"><testsuite name="pytest" errors="0" failures="0" skipped="0" tests="11" time="3.332" timestamp="2026-07-07T18:12:25.731786+00:00" hostname="agent-env-d96b3f85-0794-40d1-9d86-57accfb24094"><testcase classname="tests.test_tiktok_and_plans.TestAuthRegression" name="test_login_success" time="0.233" /><testcase classname="tests.test_tiktok_and_plans.TestTikTokVerify" name="test_real_users[mrbeast]" time="1.113" /><testcase classname="tests.test_tiktok_and_plans.TestAuthRegression" name="test_me_endpoint" time="0.310" /><testcase classname="tests.test_tiktok_and_plans.TestAuthRegression" name="test_login_invalid" time="0.210" /><testcase classname="tests.test_tiktok_and_plans.TestPlansGranular" name="test_list_plans_has_new_fields" time="0.082" /><testcase classname="tests.test_tiktok_and_plans.TestPlansGranular" name="test_patch_plan_persists" time="0.281" /><testcase classname="tests.test_tiktok_and_plans.TestTikTokVerify" name="test_real_users[charlidamelio]" time="0.751" /><testcase classname="tests.test_tiktok_and_plans.TestOverlaysRegression" name="test_layouts_list" time="0.086" /><testcase classname="tests.test_tiktok_and_plans.TestTikTokVerify" name="test_real_users[khaby.lame]" time="0.716" /><testcase classname="tests.test_tiktok_and_plans.TestTikTokVerify" name="test_fake_user" time="0.307" /><testcase classname="tests.test_tiktok_and_plans.TestTikTokVerify" name="test_link_via_profile_patch" time="0.087" /></testsuite></testsuites>